<?xml version="1.0" encoding="UTF-8"?>
<!-- Generated by org.testng.reporters.JUnitXMLReporter -->
<testsuite ignored="0" hostname="DESKTOP-JCJ8HOK" failures="0" tests="4" name="chrometest" time="97.177" errors="0" timestamp="2021-10-16T10:25:58 IST">
  <testcase classname="com.project.TNG_003" name="@BeforeMethod beforeMethod" time="0.013">
    <failure type="java.io.FileNotFoundException" message="D:\August2021_WD\October9AMMavenBatch\null.properties (The system cannot find the file specified)">
      <![CDATA[java.io.FileNotFoundException: D:\August2021_WD\October9AMMavenBatch\null.properties (The system cannot find the file specified)
at java.base/java.io.FileInputStream.open0(Native Method)
at java.base/java.io.FileInputStream.open(FileInputStream.java:211)
at java.base/java.io.FileInputStream.<init>(FileInputStream.java:153)
at java.base/java.io.FileInputStream.<init>(FileInputStream.java:108)
at com.project.BaseTest.init(BaseTest.java:54)
at com.project.TNG_003.beforeMethod(TNG_003.java:18)
at java.base/java.util.ArrayList.forEach(ArrayList.java:1511)
at java.base/java.util.concurrent.FutureTask.run(FutureTask.java:264)
at java.base/java.util.concurrent.ThreadPoolExecutor.runWorker(ThreadPoolExecutor.java:1130)
at java.base/java.util.concurrent.ThreadPoolExecutor$Worker.run(ThreadPoolExecutor.java:630)
at java.base/java.lang.Thread.run(Thread.java:832)
... Removed 22 stack frames]]>
    </failure>
  </testcase> <!-- @BeforeMethod beforeMethod -->
  <testcase classname="com.project.TNG_003" name="@AfterMethod afterMethod" time="-1.634360061404E9">
    <skipped/>
  </testcase> <!-- @AfterMethod afterMethod -->
  <testcase classname="com.project.TNG_003" name="f" time="11.608"/>
  <testcase classname="com.project.LinksTesting1" name="linktesting1" time="3.329"/>
  <testcase classname="com.project.RadioButton1" name="radioButtonTest" time="5.251"/>
  <testcase classname="com.project.CheckBox1" name="checkboxTest" time="0.464"/>
</testsuite> <!-- chrometest -->
